[dotenv@17.3.1] injecting env (8) from .env -- tip: ⚡️ secrets for agents: https://dotenvx.com/as2
[dotenv@17.3.1] injecting env (0) from .env -- tip: 🔐 prevent building .env in docker: https://dotenvx.com/prebuild
🚀 Server running on port 8080
Connected to PostgreSQL Database
Connected to PostgreSQL Database
Connected to PostgreSQL Database
Connected to PostgreSQL Database
Connected to PostgreSQL Database
Connected to PostgreSQL Database
Connected to PostgreSQL Database
Connected to PostgreSQL Database
Connected to PostgreSQL Database
Connected to PostgreSQL Database
Post intelligence updated for post 1
Connected to PostgreSQL Database
Connected to PostgreSQL Database
Connected to PostgreSQL Database
Connected to PostgreSQL Database
Connected to PostgreSQL Database
Connected to PostgreSQL Database
